<?xml version="1.0" encoding="UTF-8"?>
<!-- Generated by org.testng.reporters.JUnitReportReporter -->
<testsuite hostname="DESKTOP-UG69O5K" failures="0" tests="1" name="tests.GetAndPostExamples" time="6.019" errors="0" timestamp="2021-03-15T18:16:04 GMT-03:00" skipped="0">
  <testcase classname="tests.GetAndPostExamples" name="testPost" time="6.019"/>
  <system-out/>
</testsuite> <!-- tests.GetAndPostExamples -->
