<?xml version="1.0" encoding="UTF-8"?>
<!-- Generated by org.testng.reporters.JUnitReportReporter -->
<testsuite hostname="DESKTOP-UG69O5K" failures="0" tests="2" name="tests.TestsExamples" time="8.164" errors="0" timestamp="2021-03-15T17:44:08 GMT-03:00" skipped="0">
  <testcase classname="tests.TestsExamples" name="test_1" time="6.001"/>
  <system-out/>
  <testcase classname="tests.TestsExamples" name="test_2" time="2.163"/>
  <system-out/>
</testsuite> <!-- tests.TestsExamples -->
